open source     > level 1, order 1, name '/usr/share/texlive/texmf-dist/tex/context/base/mkiv/cont-yes.mkiv'
system          > 
system          > ConTeXt  ver: 2019.03.21 21:39 MKIV beta  fmt: 2020.7.23  int: english/english
system          > 
system          > 'cont-new.mkiv' loaded
open source     > level 2, order 2, name '/usr/share/texlive/texmf-dist/tex/context/base/mkiv/cont-new.mkiv'
system          > beware: some patches loaded from cont-new.mkiv
close source    > level 2, order 2, name '/usr/share/texlive/texmf-dist/tex/context/base/mkiv/cont-new.mkiv'
system          > files > jobname 'resume-nl', input './resume-nl', result 'resume-nl'
fonts           > latin modern fonts are not preloaded
languages       > language 'en' is active
open source     > level 2, order 3, name '/home/joost/Development/resume/output/resume-nl.tex'
colors          > defining > unknown library 'hex'
open source     > level 3, order 4, name '/usr/share/texlive/texmf-dist/tex/context/fonts/mkiv/type-imp-texgyre.mkiv'
close source    > level 3, order 4, name '/usr/share/texlive/texmf-dist/tex/context/fonts/mkiv/type-imp-texgyre.mkiv'
structure       > sectioning > section @ level 3 : 0.0.1 -> Johnny Coder
structure       > sectioning > subsection @ level 4 : 0.0.1.1 -> Education

Overfull \hbox (2.78194pt too wide) in paragraph at lines 88--90
 []<13: texgyreheros-italic @ 11.0pt> The-sis ti-tle: Deep Learn-ing Ap-proaches to the Self-Awesomeness Es-ti-ma-tion Prob-

\hbox(8.21819+2.39835)x483.69687, glue set - 1.0, direction TLT
.\glue(\leftskip) 91.0488
.\localpar
..\localinterlinepenalty=0
..\localbrokenpenalty=0
..\localleftbox=null
..\localrightbox=null
.\hbox(0.0+0.0)x0.0, direction TLT
.<13: texgyreheros-italic @ 11.0pt> T
.<13: texgyreheros-italic @ 11.0pt> h
.etc.

structure       > sectioning > subsection @ level 4 : 0.0.1.2 -> Experience
structure       > sectioning > subsection @ level 4 : 0.0.1.3 -> Technical Experience
backend         > xmp > using file '/usr/share/texlive/texmf-dist/tex/context/base/mkiv/lpdf-pdx.xml'
pages           > flushing realpage 1, userpage 1, subpage 1
structure       > sectioning > subsection @ level 4 : 0.0.1.4 -> Extra Section, Call it Whatever You Want
pages           > flushing realpage 2, userpage 2, subpage 2
close source    > level 2, order 4, name '/home/joost/Development/resume/output/resume-nl.tex'
close source    > level 1, order 4, name '/usr/share/texlive/texmf-dist/tex/context/base/mkiv/cont-yes.mkiv'

system          > start used files

system          > text: resume-nl

system          > stop used files


system          > start used files

system          >    1: filename=char-prv.lua filetype=tex format=tex foundname=/usr/share/texlive/texmf-dist/tex/context/base/mkiv/char-prv.lua fullname=/usr/share/texlive/texmf-dist/tex/context/base/mkiv/char-prv.lua usedmethod=otherwise
system          >    2: filename=cont-yes.mkiv filetype=tex foundname=/usr/share/texlive/texmf-dist/tex/context/base/mkiv/cont-yes.mkiv fullname=/usr/share/texlive/texmf-dist/tex/context/base/mkiv/cont-yes.mkiv usedmethod=otherwise
system          >    3: filename=publ-imp-default.lua filetype=scripts foundname=/usr/share/texlive/texmf-dist/tex/context/base/mkiv/publ-imp-default.lua fullname=/usr/share/texlive/texmf-dist/tex/context/base/mkiv/publ-imp-default.lua usedmethod=otherwise
system          >    4: filename=cont-new.mkiv filetype=tex foundname=/usr/share/texlive/texmf-dist/tex/context/base/mkiv/cont-new.mkiv fullname=/usr/share/texlive/texmf-dist/tex/context/base/mkiv/cont-new.mkiv usedmethod=otherwise
system          >    5: filename=lang-exc.lua filetype=scripts foundname=/usr/share/texlive/texmf-dist/tex/context/base/mkiv/lang-exc.lua fullname=/usr/share/texlive/texmf-dist/tex/context/base/mkiv/lang-exc.lua usedmethod=otherwise
system          >    6: filename=lang-us.lua filetype=scripts foundname=/usr/share/texlive/texmf-dist/tex/context/patterns/mkiv/lang-us.lua fullname=/usr/share/texlive/texmf-dist/tex/context/patterns/mkiv/lang-us.lua usedmethod=otherwise
system          >    7: filename=/home/joost/Development/resume/output/resume-nl.tex foundname=/home/joost/Development/resume/output/resume-nl.tex fullname=/home/joost/Development/resume/output/resume-nl.tex usedmethod=direct
system          >    8: filename=type-imp-texgyre.mkiv filetype=tex foundname=/usr/share/texlive/texmf-dist/tex/context/fonts/mkiv/type-imp-texgyre.mkiv fullname=/usr/share/texlive/texmf-dist/tex/context/fonts/mkiv/type-imp-texgyre.mkiv usedmethod=otherwise
system          >    9: filename=lm.lfg filetype=tex foundname=/usr/share/texlive/texmf-dist/tex/context/fonts/mkiv/lm.lfg fullname=/usr/share/texlive/texmf-dist/tex/context/fonts/mkiv/lm.lfg usedmethod=otherwise
system          >   10: filename=texgyreheros-regular filetype=otf format=otf foundname=/usr/share/texlive/texmf-dist/fonts/opentype/public/tex-gyre/texgyreheros-regular.otf fullname=/usr/share/texlive/texmf-dist/fonts/opentype/public/tex-gyre/texgyreheros-regular.otf usedmethod=otherwise
system          >   11: filename=latinmodern-math.otf filetype=opentypefonts foundname=/usr/share/texlive/texmf-dist/fonts/opentype/public/lm-math/latinmodern-math.otf fullname=/usr/share/texlive/texmf-dist/fonts/opentype/public/lm-math/latinmodern-math.otf usedmethod=otherwise
system          >   12: filename=texgyreheros-bold filetype=otf format=otf foundname=/usr/share/texlive/texmf-dist/fonts/opentype/public/tex-gyre/texgyreheros-bold.otf fullname=/usr/share/texlive/texmf-dist/fonts/opentype/public/tex-gyre/texgyreheros-bold.otf usedmethod=otherwise
system          >   13: filename=texgyreheros-italic filetype=otf format=otf foundname=/usr/share/texlive/texmf-dist/fonts/opentype/public/tex-gyre/texgyreheros-italic.otf fullname=/usr/share/texlive/texmf-dist/fonts/opentype/public/tex-gyre/texgyreheros-italic.otf usedmethod=otherwise
system          >   14: filename=pdftex.map filetype=map format=map foundname=/usr/share/texlive/texmf-dist/fonts/map/pdftex/updmap/pdftex.map fullname=/usr/share/texlive/texmf-dist/fonts/map/pdftex/updmap/pdftex.map usedmethod=otherwise
system          >   15: filename=lpdf-pdx.xml filetype=tex foundname=/usr/share/texlive/texmf-dist/tex/context/base/mkiv/lpdf-pdx.xml fullname=/usr/share/texlive/texmf-dist/tex/context/base/mkiv/lpdf-pdx.xml usedmethod=otherwise

system          > stop used files


system          > start commandline options

system          > currentrun="1"
system          > fulljobname="./resume-nl.tex"
system          > input="./resume-nl.tex"
system          > kindofrun="1"
system          > maxnofruns="9"
system          > texmfbinpath="/usr/bin"

system          > stop commandline options


system          > start commandline files

system          >    1: ./resume-nl.tex

system          > stop commandline files


modules         > start used modules


modules         > stop used modules


mkiv lua stats  > used config file: selfautodir:/share/texlive/texmf-dist/web2c/texmfcnf.lua
mkiv lua stats  > used cache path: /home/joost/.texlive2019/texmf-var/luatex-cache/context/d10b607aa0e9d13dde6602f491b76cbc
mkiv lua stats  > resource resolver: loadtime 0.077 seconds, 1 scans with scantime 0.074 seconds, 0 shared scans, 15 found files, scanned paths: /usr/share/texlive
mkiv lua stats  > stored bytecode data: 443 modules (0.279 sec), 93 tables (0.014 sec), 536 chunks (0.293 sec)
mkiv lua stats  > traced context: maxstack: 1369, freed: 0, unreachable: 1369
mkiv lua stats  > cleaned up reserved nodes: 62 nodes, 9 lists of 440
mkiv lua stats  > node memory usage: 1 glue, 3 kern, 2 penalty, 14 attribute, 50 glue_spec, 4 attribute_list, 2 temp, 2 user_defined
mkiv lua stats  > node list callback tasks: 8 unique task lists, 8 instances (re)created, 417 calls
mkiv lua stats  > driver time: 0.070 seconds 
mkiv lua stats  > used backend: pdf (backend for directly generating pdf output)
mkiv lua stats  > jobdata time: 0.001 seconds saving, 0.000 seconds loading
mkiv lua stats  > callbacks: internal: 821, file: 640, direct: 2, late: 19, function 994, total: 2476 (2476 per page)
mkiv lua stats  > randomizer: resumed with value 0.66790645476431
mkiv lua stats  > result saved in file: resume-nl.pdf, compresslevel 3, objectcompresslevel 1
mkiv lua stats  > loaded patterns: en::1, load time: 0.000
mkiv lua stats  > interactive elements: 4 references, 10 destinations
mkiv lua stats  > loaded fonts: 4 files: latinmodern-math.otf, texgyreheros-bold.otf, texgyreheros-italic.otf, texgyreheros-regular.otf
mkiv lua stats  > font engine: otf 3.107, afm 1.513, tfm 1.000, 13 instances, 7 shared in backend, 3 common vectors, 4 common hashes, load time 0.199 seconds 
mkiv lua stats  > pdf annotations: 4 links (4 unique), 0 special
mkiv lua stats  > used platform: linux-64, type: unix, binary subtree: usr
mkiv lua stats  > used engine: luatex version 1.1 with functionality level 7127, banner: this is luatex, version 1.10.0 (tex live 2019)
mkiv lua stats  > control sequences: 45568 of 65536 + 100000
mkiv lua stats  > lua properties: engine: lua 5.3, used memory: 89 MB (ctx: 88 MB), hash chars: min(64,40), symbol mask: utf (τεχ)
mkiv lua stats  > runtime: 0.685 seconds, 2 processed pages, 2 shipped pages, 2.920 pages/second

